[WARNING] Disabling enhanced local repository: using legacy is strongly discouraged to ensure build reproducibility.
[INFO] Scanning for projects...
[INFO] 
[INFO] Using the builder org.apache.maven.lifecycle.internal.builder.singlethreaded.SingleThreadedBuilder with a thread count of 1
[INFO]                                                                         
[INFO] ------------------------------------------------------------------------
[INFO] Building MIGRACIONES migracion_cdp-0.1.0 (0.1,Job Designs) 0.1.0
[INFO] ------------------------------------------------------------------------
[INFO] 
[INFO] --- maven-resources-plugin:3.0.2:resources (default-resources) @ migracion_cdp ---
[WARNING] Using platform encoding (UTF-8 actually) to copy filtered resources, i.e. build is platform dependent!
[INFO] Copying 1 resource
[INFO] 
[INFO] --- maven-compiler-plugin:3.6.1:compile (default-compile) @ migracion_cdp ---
[INFO] Not compiling main sources
[INFO] 
[INFO] --- maven-resources-plugin:3.0.2:testResources (default-testResources) @ migracion_cdp ---
[INFO] Not copying test resources
[INFO] 
[INFO] --- maven-compiler-plugin:3.6.1:testCompile (default-testCompile) @ migracion_cdp ---
[INFO] Not compiling test sources
[INFO] 
[INFO] --- maven-surefire-plugin:2.20:test (default-test) @ migracion_cdp ---
[INFO] Tests are skipped.
[INFO] 
[INFO] --- maven-jar-plugin:3.0.2:jar (default-jar) @ migracion_cdp ---
[INFO] Building jar: /home/miguelramirez93/Apps/TOS_DI-20180411_1414-V7.0.1/workspace/MIGRACIONES/poms/jobs/process/financiera/migracion_cdp_0.1/target/migracion_cdp_0_1.jar
[INFO] 
[INFO] --- maven-assembly-plugin:3.0.0:single (default) @ migracion_cdp ---
[INFO] Reading assembly descriptor: /home/miguelramirez93/Apps/TOS_DI-20180411_1414-V7.0.1/workspace/MIGRACIONES/poms/jobs/process/financiera/migracion_cdp_0.1/src/main/assemblies/assembly.xml
[WARNING] The following patterns were never triggered in this artifact inclusion filter:
o  'null:null'

[INFO] Building zip: /home/miguelramirez93/Apps/TOS_DI-20180411_1414-V7.0.1/workspace/MIGRACIONES/poms/jobs/process/financiera/migracion_cdp_0.1/target/migracion_cdp_0_1.zip
[INFO] ------------------------------------------------------------------------
[INFO] BUILD SUCCESS
[INFO] ------------------------------------------------------------------------
[INFO] Total time: 1.602 s
[INFO] Finished at: 2018-08-08T15:44:17-05:00
[INFO] Final Memory: 14M/303M
[INFO] ------------------------------------------------------------------------
