[WARNING] Disabling enhanced local repository: using legacy is strongly discouraged to ensure build reproducibility.
[INFO] Scanning for projects...
[INFO] 
[INFO] Using the builder org.apache.maven.lifecycle.internal.builder.singlethreaded.SingleThreadedBuilder with a thread count of 1
[INFO]                                                                         
[INFO] ------------------------------------------------------------------------
[INFO] Building FINANCIERA_MIGR secuencia_jobs-0.1.0 (0.1,Job Designs) 0.1.0
[INFO] ------------------------------------------------------------------------
[INFO] 
[INFO] --- maven-resources-plugin:3.0.2:resources (default-resources) @ secuencia_jobs ---
[WARNING] Using platform encoding (UTF-8 actually) to copy filtered resources, i.e. build is platform dependent!
[INFO] Copying 1 resource
[INFO] 
[INFO] --- maven-compiler-plugin:3.6.1:compile (default-compile) @ secuencia_jobs ---
[INFO] Not compiling main sources
[INFO] 
[INFO] --- maven-resources-plugin:3.0.2:testResources (default-testResources) @ secuencia_jobs ---
[INFO] Not copying test resources
[INFO] 
[INFO] --- maven-compiler-plugin:3.6.1:testCompile (default-testCompile) @ secuencia_jobs ---
[INFO] Not compiling test sources
[INFO] 
[INFO] --- maven-surefire-plugin:2.20:test (default-test) @ secuencia_jobs ---
[INFO] Tests are skipped.
[INFO] 
[INFO] --- maven-jar-plugin:3.0.2:jar (default-jar) @ secuencia_jobs ---
[INFO] Building jar: /home/miguelramirez93/Apps/TOS_DI-20180411_1414-V7.0.1/workspace/FINANCIERA_MIGR/poms/jobs/process/financiera/secuencia_jobs_0.1/target/secuencia_jobs_0_1.jar
[INFO] 
[INFO] --- maven-assembly-plugin:3.0.0:single (default) @ secuencia_jobs ---
[INFO] Reading assembly descriptor: /home/miguelramirez93/Apps/TOS_DI-20180411_1414-V7.0.1/workspace/FINANCIERA_MIGR/poms/jobs/process/financiera/secuencia_jobs_0.1/src/main/assemblies/assembly.xml
[WARNING] The following patterns were never triggered in this artifact inclusion filter:
o  'null:null'

[INFO] Building zip: /home/miguelramirez93/Apps/TOS_DI-20180411_1414-V7.0.1/workspace/FINANCIERA_MIGR/poms/jobs/process/financiera/secuencia_jobs_0.1/target/secuencia_jobs_0_1.zip
[INFO] ------------------------------------------------------------------------
[INFO] BUILD SUCCESS
[INFO] ------------------------------------------------------------------------
[INFO] Total time: 2.899 s
[INFO] Finished at: 2018-08-04T19:52:26-05:00
[INFO] Final Memory: 17M/170M
[INFO] ------------------------------------------------------------------------
